  1.00 al
  1.00 an
  1.00 ay
  1.00 az
  1.00 ba
  1.00 bj
  1.00 bk
  1.00 bp
  1.00 br
  1.00 bt
  1.00 bx
  1.00 bz
  1.00 cc
  1.00 cr
  1.00 cu
  1.00 cx
  1.00 cz
  1.00 dv
  1.00 ea
  1.00 el
  1.00 et
  1.00 eu
  1.00 ff
  1.00 fg
  1.00 fh
  1.00 ft
  1.00 gn
  1.00 gq
  1.00 ha
  1.00 he
  1.00 hj
  1.00 hx
  1.00 ig
  1.00 ii
  1.00 ik
  1.00 it
  1.00 je
  1.00 jg
  1.00 jt
  1.00 jy
  1.00 jz
  1.00 kt
  1.00 lr
  1.00 lt
  1.00 mc
  1.00 mg
  1.00 mk
  1.00 mo
  1.00 mv
  1.00 np
  1.00 og
  1.00 on
  1.00 ot
  1.00 ox
  1.00 po
  1.00 ps
  1.00 pw
  1.00 px
  1.00 pz
  1.00 qj
  1.00 ql
  1.00 qr
  1.00 qt
  1.00 rl
  1.00 ru
  1.00 rw
  1.00 sp
  1.00 ts
  1.00 ua
  1.00 uc
  1.00 ue
  1.00 uw
  1.00 vr
  1.00 wc
  1.00 wh
  1.00 wj
  1.00 wo
  1.00 xa
  1.00 xf
  1.00 xj
  1.00 xq
  1.00 ya
  1.00 yd
  1.00 yl
  1.00 yv
  1.00 yy
  1.00 zb
  1.00 zo
  1.00 zw
  1.00 zx
  2.00 da
  2.00 fb
  2.00 rk
  2.00 xg
  2.00 zq
