  0.10 aa
  0.10 ac
  0.10 af
  0.10 ai
  0.10 ak
  0.10 am
  0.10 ao
  0.10 ar
  0.10 at
  0.10 az
  0.10 bf
  0.10 bh
  0.10 bm
  0.10 bo
  0.10 bq
  0.10 br
  0.10 bu
  0.10 bv
  0.10 ca
  0.10 cb
  0.10 ce
  0.10 cf
  0.10 ck
  0.10 cm
  0.10 cr
  0.10 ct
  0.10 cu
  0.10 cw
  0.10 db
  0.10 dd
  0.10 df
  0.10 dj
  0.10 dm
  0.10 do
  0.10 dp
  0.10 dy
  0.10 ee
  0.10 ef
  0.10 eh
  0.10 ek
  0.10 el
  0.10 ep
  0.10 es
  0.10 ew
  0.10 ey
  0.10 ff
  0.10 fi
  0.10 fj
  0.10 fl
  0.10 fq
  0.10 fu
  0.10 fx
  0.10 ga
  0.10 gc
  0.10 gd
  0.10 gf
  0.10 gp
  0.10 gx
  0.10 gz
  0.10 hc
  0.10 hg
  0.10 hj
  0.10 hl
  0.10 ho
  0.10 hp
  0.10 hq
  0.10 hr
  0.10 hs
  0.10 hu
  0.10 hy
  0.10 ia
  0.10 ib
  0.10 ie
  0.10 ij
  0.10 il
  0.10 im
  0.10 in
  0.10 ip
  0.10 iy
  0.10 ja
  0.10 jc
  0.10 jg
  0.10 jj
  0.10 jk
  0.10 jm
  0.10 jp
  0.10 jr
  0.10 js
  0.10 jt
  0.10 ju
  0.10 ka
  0.10 kb
  0.10 kh
  0.10 ko
  0.10 kv
  0.10 kw
  0.10 kx
  0.10 lb
  0.10 lh
  0.10 lj
  0.10 lk
  0.10 ln
  0.10 lr
  0.10 lt
  0.10 lu
  0.10 lw
  0.10 lz
  0.10 md
  0.10 mg
  0.10 mj
  0.10 mk
  0.10 mp
  0.10 mq
  0.10 mr
  0.10 mv
  0.10 mw
  0.10 mz
  0.10 nb
  0.10 nc
  0.10 nf
  0.10 no
  0.10 np
  0.10 nr
  0.10 ns
  0.10 nt
  0.10 nz
  0.10 oa
  0.10 oc
  0.10 of
  0.10 og
  0.10 oh
  0.10 oi
  0.10 oj
  0.10 on
  0.10 oq
  0.10 oy
  0.10 pc
  0.10 pd
  0.10 ph
  0.10 pi
  0.10 pk
  0.10 pq
  0.10 pv
  0.10 pw
  0.10 px
  0.10 qb
  0.10 qd
  0.10 qr
  0.10 qs
  0.10 qt
  0.10 ra
  0.10 rb
  0.10 rd
  0.10 re
  0.10 rf
  0.10 rg
  0.10 rj
  0.10 rx
  0.10 ry
  0.10 rz
  0.10 sg
  0.10 sk
  0.10 sl
  0.10 so
  0.10 sq
  0.10 su
  0.10 sv
  0.10 ta
  0.10 tf
  0.10 th
  0.10 tj
  0.10 tn
  0.10 tp
  0.10 tx
  0.10 ty
  0.10 ud
  0.10 uk
  0.10 ul
  0.10 um
  0.10 uo
  0.10 uq
  0.10 us
  0.10 uu
  0.10 uv
  0.10 uz
  0.10 va
  0.10 vc
  0.10 vf
  0.10 vh
  0.10 vj
  0.10 vk
  0.10 vq
  0.10 vv
  0.10 vy
  0.10 wa
  0.10 wd
  0.10 wf
  0.10 wk
  0.10 wn
  0.10 wp
  0.10 wq
  0.10 wt
  0.10 wu
  0.10 wv
  0.10 wy
  0.10 xa
  0.10 xl
  0.10 xr
  0.10 xx
  0.10 xy
  0.10 yb
  0.10 yc
  0.10 yd
  0.10 ye
  0.10 yh
  0.10 yi
  0.10 yo
  0.10 yr
  0.10 ys
  0.10 yw
  0.10 yx
  0.10 zh
  0.10 zk
  0.10 zm
  0.10 zn
  0.10 zo
  0.10 zt
  0.10 zw
  0.10 zz
  0.20 ab
  0.20 ad
  0.20 ah
  0.20 aq
  0.20 au
  0.20 av
  0.20 ay
  0.20 bc
  0.20 bj
  0.20 bk
  0.20 bp
  0.20 cc
  0.20 cq
  0.20 cv
  0.20 cz
  0.20 da
  0.20 de
  0.20 dk
  0.20 dn
  0.20 dq
  0.20 dv
  0.20 dw
  0.20 dx
  0.20 ed
  0.20 en
  0.20 eo
  0.20 eq
  0.20 er
  0.20 et
  0.20 eu
  0.20 ez
  0.20 fa
  0.20 fh
  0.20 fm
  0.20 fn
  0.20 fo
  0.20 fp
  0.20 ft
  0.20 fz
  0.20 gh
  0.20 gk
  0.20 gm
  0.20 gn
  0.20 gs
  0.20 gv
  0.20 ha
  0.20 hd
  0.20 he
  0.20 hh
  0.20 hi
  0.20 hk
  0.20 hn
  0.20 hv
  0.20 hw
  0.20 hz
  0.20 id
  0.20 if
  0.20 ii
  0.20 is
  0.20 ix
  0.20 iz
  0.20 ji
  0.20 jn
  0.20 jq
  0.20 jy
  0.20 jz
  0.20 kc
  0.20 kg
  0.20 kl
  0.20 kr
  0.20 kt
  0.20 ky
  0.20 kz
  0.20 la
  0.20 lc
  0.20 ll
  0.20 lx
  0.20 mi
  0.20 mn
  0.20 mo
  0.20 mt
  0.20 ne
  0.20 nj
  0.20 nk
  0.20 nq
  0.20 nu
  0.20 nv
  0.20 nw
  0.20 nx
  0.20 ny
  0.20 oe
  0.20 oo
  0.20 ox
  0.20 oz
  0.20 pf
  0.20 pj
  0.20 pl
  0.20 po
  0.20 pp
  0.20 pt
  0.20 qh
  0.20 qj
  0.20 qk
  0.20 qn
  0.20 qp
  0.20 qq
  0.20 qv
  0.20 qz
  0.20 rc
  0.20 rh
  0.20 rt
  0.20 ru
  0.20 sd
  0.20 se
  0.20 sh
  0.20 si
  0.20 sm
  0.20 sn
  0.20 sp
  0.20 sr
  0.20 ss
  0.20 sy
  0.20 tg
  0.20 ti
  0.20 to
  0.20 ts
  0.20 tt
  0.20 tv
  0.20 tw
  0.20 ua
  0.20 uc
  0.20 uf
  0.20 uh
  0.20 ui
  0.20 uw
  0.20 vb
  0.20 vi
  0.20 vl
  0.20 we
  0.20 wg
  0.20 wh
  0.20 wi
  0.20 wj
  0.20 wl
  0.20 ws
  0.20 ww
  0.20 xc
  0.20 xf
  0.20 xk
  0.20 xn
  0.20 xo
  0.20 xp
  0.20 xq
  0.20 yf
  0.20 yl
  0.20 yn
  0.20 yq
  0.20 yu
  0.20 yy
  0.20 yz
  0.20 zi
  0.20 zj
  0.20 zl
  0.20 zr
  0.20 zx
  0.30 aj
  0.30 al
  0.30 ap
  0.30 as
  0.30 ax
  0.30 ba
  0.30 bn
  0.30 bt
  0.30 bx
  0.30 by
  0.30 bz
  0.30 cx
  0.30 dl
  0.30 ea
  0.30 eb
  0.30 ei
  0.30 ex
  0.30 fb
  0.30 fe
  0.30 fw
  0.30 ig
  0.30 ik
  0.30 it
  0.30 iv
  0.30 jl
  0.30 jw
  0.30 ki
  0.30 kp
  0.30 ld
  0.30 lf
  0.30 lp
  0.30 ls
  0.30 lv
  0.30 ma
  0.30 me
  0.30 nd
  0.30 ng
  0.30 od
  0.30 ok
  0.30 ol
  0.30 pe
  0.30 pn
  0.30 qa
  0.30 qe
  0.30 qi
  0.30 qm
  0.30 ri
  0.30 rl
  0.30 rr
  0.30 rw
  0.30 sc
  0.30 sf
  0.30 sj
  0.30 st
  0.30 sz
  0.30 tc
  0.30 tm
  0.30 tr
  0.30 ub
  0.30 ue
  0.30 ur
  0.30 ut
  0.30 vr
  0.30 vu
  0.30 wb
  0.30 wc
  0.30 wx
  0.30 wz
  0.30 xb
  0.30 xe
  0.30 xj
  0.30 xz
  0.30 ya
  0.30 yj
  0.30 ym
  0.30 za
  0.30 zc
  0.30 zu
  0.30 zv
  0.30 zy
  0.40 an
  0.40 bi
  0.40 co
  0.40 cp
  0.40 cy
  0.40 dr
  0.40 fg
  0.40 fr
  0.40 fy
  0.40 gq
  0.40 hx
  0.40 jb
  0.40 je
  0.40 kd
  0.40 lq
  0.40 mb
  0.40 mc
  0.40 ob
  0.40 ot
  0.40 pb
  0.40 pr
  0.40 ps
  0.40 pz
  0.40 qc
  0.40 rk
  0.40 rv
  0.40 up
  0.40 vg
  0.40 vm
  0.40 vo
  0.40 vx
  0.40 xg
  0.40 xv
  0.40 yp
  0.40 zb
  0.40 zg
  0.40 zp
  0.50 dg
  0.50 ks
  0.50 ku
  0.50 rm
  0.50 wo
  0.50 xw
  0.50 yv
  0.50 zq
  0.60 yg
  0.70 ql
